#
# A fatal error has been detected by the Java Runtime Environment:
#
#  EXCEPTION_ACCESS_VIOLATION (0xc0000005) at pc=0x000000006a5e7bfa, pid=2692, tid=0x0000000000001384
#
# JRE version: Java(TM) SE Runtime Environment (8.0_281-b09) (build 1.8.0_281-b09)
# Java VM: Java HotSpot(TM) 64-Bit Server VM (25.281-b09 mixed mode windows-amd64 compressed oops)
# Problematic frame:
# V  [jvm.dll+0xb7bfa]
#
# Failed to write core dump. Minidumps are not enabled by default on client versions of Windows
#
# If you would like to submit a bug report, please visit:
#   http://bugreport.java.com/bugreport/crash.jsp
#

---------------  T H R E A D  ---------------

Current thread (0x000000000014e800):  GCTaskThread [stack: 0x0000000012110000,0x0000000012210000] [id=4996]

siginfo: ExceptionCode=0xc0000005, reading address 0x0000000000000008

Registers:
RAX=0x0000000000000001, RBX=0x0000000790df10d4, RCX=0x0000000000000003, RDX=0x000000078de42930
RSP=0x000000001220fa08, RBP=0xf1bc8553f1bc8529, RSI=0x000000078de42930, RDI=0x00000000184cefc0
R8 =0x0000000000000000, R9 =0x0000000000000001, R10=0x0000000000000005, R11=0x0000000790df1008
R12=0x000000000014ee00, R13=0x0000000000000000, R14=0x00000000184cefc0, R15=0x00000000184cf000
RIP=0x000000006a5e7bfa, EFLAGS=0x0000000000010246

Top of Stack: (sp=0x000000001220fa08)
0x000000001220fa08:   000000006a90249a 0000000000000005
0x000000001220fa18:   0000000790df10c0 0000000000000011
0x000000001220fa28:   000000006ab4ab98 0000000790dea028
0x000000001220fa38:   0000000000001000 0000000790ddec78
0x000000001220fa48:   0000000000000021 00000000184cf060
0x000000001220fa58:   000000006ab16a50 00000000184cefc0
0x000000001220fa68:   000000006a903377 0000000790df10d4
0x000000001220fa78:   0000000000000019 000000001220fae0
0x000000001220fa88:   00000000184cefc0 00000000001acb08
0x000000001220fa98:   0000000000000c00 0000000000000000
0x000000001220faa8:   0000000000000000 000000000014a300
0x000000001220fab8:   0000000000129000 000000000014ee01
0x000000001220fac8:   000000006a73d701 0000acb022358cb6
0x000000001220fad8:   000000001a0b1000 000000000014a310
0x000000001220fae8:   000000006ab16a50 000000000014eee0
0x000000001220faf8:   000000000014eed0 00000000184cefc0 

Instructions: (pc=0x000000006a5e7bfa)
0x000000006a5e7bda:   d1 45 84 c9 74 16 44 8b 41 08 8b 0d fe e0 6a 00
0x000000006a5e7bea:   49 d3 e0 4c 03 05 ec e0 6a 00 eb 04 4c 8b 41 08
0x000000006a5e7bfa:   45 8b 50 08 45 85 d2 7e 0e 41 f6 c2 01 75 51 41
0x000000006a5e7c0a:   c1 fa 03 41 8b c2 c3 79 47 45 84 c9 b9 0c 00 00 


Register to memory mapping:

RAX=0x0000000000000001 is an unknown value
RBX=0x0000000790df10d4 is an unknown value
RCX=0x0000000000000003 is an unknown value
RDX=0x000000078de42930 is an oop

[error occurred during error reporting (printing register info), id 0xc0000005]

Stack: [0x0000000012110000,0x0000000012210000],  sp=0x000000001220fa08,  free space=1022k
Native frames: (J=compiled Java code, j=interpreted, Vv=VM code, C=native code)
V  [jvm.dll+0xb7bfa]


---------------  P R O C E S S  ---------------

Java Threads: ( => current thread )
  0x000000001b2d7000 JavaThread "JMX server connection timeout 21" daemon [_thread_blocked, id=4208, stack(0x000000001c120000,0x000000001c220000)]
  0x000000001b19d000 JavaThread "RMI Scheduler(0)" daemon [_thread_blocked, id=2164, stack(0x000000001bc10000,0x000000001bd10000)]
  0x000000001b196800 JavaThread "RMI TCP Connection(1)-192.168.1.6" daemon [_thread_in_native, id=5648, stack(0x000000001b980000,0x000000001ba80000)]
  0x000000001aeac800 JavaThread "RMI TCP Accept-0" daemon [_thread_in_native, id=6848, stack(0x000000001b5a0000,0x000000001b6a0000)]
  0x000000001a155000 JavaThread "Service Thread" daemon [_thread_blocked, id=5332, stack(0x000000001a590000,0x000000001a690000)]
  0x000000001a0c4000 JavaThread "C1 CompilerThread2" daemon [_thread_blocked, id=5172, stack(0x000000001a460000,0x000000001a560000)]
  0x000000001a0b7000 JavaThread "C2 CompilerThread1" daemon [_thread_blocked, id=6404, stack(0x000000001a1e0000,0x000000001a2e0000)]
  0x000000001a0b1000 JavaThread "C2 CompilerThread0" daemon [_thread_blocked, id=5320, stack(0x000000001a310000,0x000000001a410000)]
  0x000000001a0b0800 JavaThread "Monitor Ctrl-Break" daemon [_thread_in_native, id=5028, stack(0x0000000019a70000,0x0000000019b70000)]
  0x0000000018541000 JavaThread "Attach Listener" daemon [_thread_blocked, id=620, stack(0x0000000019ce0000,0x0000000019de0000)]
  0x0000000018540000 JavaThread "Signal Dispatcher" daemon [_thread_blocked, id=3992, stack(0x0000000019bd0000,0x0000000019cd0000)]
  0x00000000181fe000 JavaThread "Finalizer" daemon [_thread_blocked, id=1996, stack(0x0000000019910000,0x0000000019a10000)]
  0x00000000181f6000 JavaThread "Reference Handler" daemon [_thread_blocked, id=5808, stack(0x0000000019780000,0x0000000019880000)]
  0x0000000000129000 JavaThread "main" [_thread_blocked, id=1192, stack(0x0000000002100000,0x0000000002200000)]

Other Threads:
  0x00000000184d2800 VMThread [stack: 0x00000000195b0000,0x00000000196b0000] [id=4360]
  0x000000001aeb7000 WatcherThread [stack: 0x000000001aac0000,0x000000001abc0000] [id=2404]

=>0x000000000014e800 (exited) GCTaskThread [stack: 0x0000000012110000,0x0000000012210000] [id=4996]

VM state:at safepoint (normal execution)

VM Mutex/Monitor currently owned by a thread:  ([mutex/lock_event])
[0x000000000011c590] Threads_lock - owner thread: 0x00000000184d2800
[0x000000000011ca90] Heap_lock - owner thread: 0x0000000000129000

heap address: 0x0000000721c00000, size: 2532 MB, Compressed Oops mode: Zero based, Oop shift amount: 3
Narrow klass base: 0x0000000000000000, Narrow klass shift: 3
Compressed class space size: 1073741824 Address: 0x00000007c0000000

Heap:
 PSYoungGen      total 47616K, used 47615K [0x000000078b400000, 0x0000000791100000, 0x00000007c0000000)
  eden space 40960K, 100% used [0x000000078b400000,0x000000078dc00000,0x000000078dc00000)
  from space 6656K, 99% used [0x000000078dc00000,0x000000078e27fed8,0x000000078e280000)
  to   space 6656K, 86% used [0x0000000790a80000,0x000000079101a028,0x0000000791100000)
 ParOldGen       total 109568K, used 2441K [0x0000000721c00000, 0x0000000728700000, 0x000000078b400000)
  object space 109568K, 2% used [0x0000000721c00000,0x0000000721e62620,0x0000000728700000)
 Metaspace       used 19429K, capacity 20330K, committed 20480K, reserved 1067008K
  class space    used 2529K, capacity 2735K, committed 2816K, reserved 1048576K

Card table byte_map: [0x0000000011890000,0x0000000011d90000] byte_map_base: 0x000000000df82000

Marking Bits: (ParMarkBitMap*) 0x000000006ad16ff0
 Begin Bits: [0x00000000124e0000, 0x0000000014c70000)
 End Bits:   [0x0000000014c70000, 0x0000000017400000)

Polling page: 0x00000000001c0000

CodeCache: size=245760Kb used=3644Kb max_used=3644Kb free=242115Kb
 bounds [0x00000000024d0000, 0x0000000002860000, 0x00000000114d0000]
 total_blobs=2047 nmethods=1656 adapters=303
 compilation: enabled

Compilation events (10 events):
Event: 3.074 Thread 0x000000001a0c4000 1655   !   1       java.io.ObjectOutputStream::writeObject0 (619 bytes)
Event: 3.079 Thread 0x000000001a0c4000 nmethod 1655 0x000000000285b150 code [0x000000000285b520, 0x000000000285c998]
Event: 3.079 Thread 0x000000001a0c4000 1653       1       java.io.ObjectStreamClass::processQueue (21 bytes)
Event: 3.079 Thread 0x000000001a0c4000 nmethod 1653 0x000000000285e410 code [0x000000000285e580, 0x000000000285e898]
Event: 3.079 Thread 0x000000001a0c4000 1656       1       java.io.ObjectOutputStream$ReplaceTable::lookup (24 bytes)
Event: 3.079 Thread 0x000000001a0c4000 nmethod 1656 0x000000000285ea10 code [0x000000000285eb80, 0x000000000285ed28]
Event: 3.079 Thread 0x000000001a0c4000 1654       1       java.io.Bits::putInt (36 bytes)
Event: 3.080 Thread 0x000000001a0c4000 nmethod 1654 0x000000000285ee50 code [0x000000000285efa0, 0x000000000285f130]
Event: 3.080 Thread 0x000000001a0c4000 1651       1       sun.rmi.runtime.Log$LoggerLog::isLoggable (9 bytes)
Event: 3.080 Thread 0x000000001a0c4000 nmethod 1651 0x000000000285f250 code [0x000000000285f3a0, 0x000000000285f4f0]

GC Heap History (7 events):
Event: 1.583 GC heap before
{Heap before GC invocations=1 (full 0):
 PSYoungGen      total 47616K, used 40960K [0x000000078b400000, 0x000000078e900000, 0x00000007c0000000)
  eden space 40960K, 100% used [0x000000078b400000,0x000000078dc00000,0x000000078dc00000)
  from space 6656K, 0% used [0x000000078e280000,0x000000078e280000,0x000000078e900000)
  to   space 6656K, 0% used [0x000000078dc00000,0x000000078dc00000,0x000000078e280000)
 ParOldGen       total 109568K, used 0K [0x0000000721c00000, 0x0000000728700000, 0x000000078b400000)
  object space 109568K, 0% used [0x0000000721c00000,0x0000000721c00000,0x0000000728700000)
 Metaspace       used 11355K, capacity 11602K, committed 11776K, reserved 1058816K
  class space    used 1407K, capacity 1483K, committed 1536K, reserved 1048576K
Event: 1.590 GC heap after
Heap after GC invocations=1 (full 0):
 PSYoungGen      total 47616K, used 4939K [0x000000078b400000, 0x000000078e900000, 0x00000007c0000000)
  eden space 40960K, 0% used [0x000000078b400000,0x000000078b400000,0x000000078dc00000)
  from space 6656K, 74% used [0x000000078dc00000,0x000000078e0d2d78,0x000000078e280000)
  to   space 6656K, 0% used [0x000000078e280000,0x000000078e280000,0x000000078e900000)
 ParOldGen       total 109568K, used 16K [0x0000000721c00000, 0x0000000728700000, 0x000000078b400000)
  object space 109568K, 0% used [0x0000000721c00000,0x0000000721c04000,0x0000000728700000)
 Metaspace       used 11355K, capacity 11602K, committed 11776K, reserved 1058816K
  class space    used 1407K, capacity 1483K, committed 1536K, reserved 1048576K
}
Event: 2.255 GC heap before
{Heap before GC invocations=2 (full 0):
 PSYoungGen      total 47616K, used 45899K [0x000000078b400000, 0x000000078e900000, 0x00000007c0000000)
  eden space 40960K, 100% used [0x000000078b400000,0x000000078dc00000,0x000000078dc00000)
  from space 6656K, 74% used [0x000000078dc00000,0x000000078e0d2d78,0x000000078e280000)
  to   space 6656K, 0% used [0x000000078e280000,0x000000078e280000,0x000000078e900000)
 ParOldGen       total 109568K, used 16K [0x0000000721c00000, 0x0000000728700000, 0x000000078b400000)
  object space 109568K, 0% used [0x0000000721c00000,0x0000000721c04000,0x0000000728700000)
 Metaspace       used 15678K, capacity 16418K, committed 16640K, reserved 1062912K
  class space    used 2037K, capacity 2197K, committed 2304K, reserved 1048576K
Event: 2.287 GC heap after
Heap after GC invocations=2 (full 0):
 PSYoungGen      total 47616K, used 6637K [0x000000078b400000, 0x0000000791100000, 0x00000007c0000000)
  eden space 40960K, 0% used [0x000000078b400000,0x000000078b400000,0x000000078dc00000)
  from space 6656K, 99% used [0x000000078e280000,0x000000078e8fb718,0x000000078e900000)
  to   space 6656K, 0% used [0x000000078dc00000,0x000000078dc00000,0x000000078e280000)
 ParOldGen       total 109568K, used 544K [0x0000000721c00000, 0x0000000728700000, 0x000000078b400000)
  object space 109568K, 0% used [0x0000000721c00000,0x0000000721c88188,0x0000000728700000)
 Metaspace       used 15678K, capacity 16418K, committed 16640K, reserved 1062912K
  class space    used 2037K, capacity 2197K, committed 2304K, reserved 1048576K
}
Event: 2.933 GC heap before
{Heap before GC invocations=3 (full 0):
 PSYoungGen      total 47616K, used 47597K [0x000000078b400000, 0x0000000791100000, 0x00000007c0000000)
  eden space 40960K, 100% used [0x000000078b400000,0x000000078dc00000,0x000000078dc00000)
  from space 6656K, 99% used [0x000000078e280000,0x000000078e8fb718,0x000000078e900000)
  to   space 6656K, 0% used [0x000000078dc00000,0x000000078dc00000,0x000000078e280000)
 ParOldGen       total 109568K, used 544K [0x0000000721c00000, 0x0000000728700000, 0x000000078b400000)
  object space 109568K, 0% used [0x0000000721c00000,0x0000000721c88188,0x0000000728700000)
 Metaspace       used 19059K, capacity 19978K, committed 20224K, reserved 1067008K
  class space    used 2499K, capacity 2703K, committed 2816K, reserved 1048576K
Event: 3.003 GC heap after
Heap after GC invocations=3 (full 0):
 PSYoungGen      total 47616K, used 6655K [0x000000078b400000, 0x0000000791100000, 0x00000007c0000000)
  eden space 40960K, 0% used [0x000000078b400000,0x000000078b400000,0x000000078dc00000)
  from space 6656K, 99% used [0x000000078dc00000,0x000000078e27fed8,0x000000078e280000)
  to   space 6656K, 0% used [0x0000000790a80000,0x0000000790a80000,0x0000000791100000)
 ParOldGen       total 109568K, used 2433K [0x0000000721c00000, 0x0000000728700000, 0x000000078b400000)
  object space 109568K, 2% used [0x0000000721c00000,0x0000000721e60620,0x0000000728700000)
 Metaspace       used 19059K, capacity 19978K, committed 20224K, reserved 1067008K
  class space    used 2499K, capacity 2703K, committed 2816K, reserved 1048576K
}
Event: 3.107 GC heap before
{Heap before GC invocations=4 (full 0):
 PSYoungGen      total 47616K, used 47615K [0x000000078b400000, 0x0000000791100000, 0x00000007c0000000)
  eden space 40960K, 100% used [0x000000078b400000,0x000000078dc00000,0x000000078dc00000)
  from space 6656K, 99% used [0x000000078dc00000,0x000000078e27fed8,0x000000078e280000)
  to   space 6656K, 0% used [0x0000000790a80000,0x0000000790a80000,0x0000000791100000)
 ParOldGen       total 109568K, used 2433K [0x0000000721c00000, 0x0000000728700000, 0x000000078b400000)
  object space 109568K, 2% used [0x0000000721c00000,0x0000000721e60620,0x0000000728700000)
 Metaspace       used 19429K, capacity 20330K, committed 20480K, reserved 1067008K
  class space    used 2529K, capacity 2735K, committed 2816K, reserved 1048576K

Deoptimization events (0 events):
No events

Classes redefined (0 events):
No events

Internal exceptions (10 events):
Event: 2.631 Thread 0x0000000000129000 Exception <a 'java/lang/ClassNotFoundException': org/springframework/context/ResourceLoaderAwareCustomizer> (0x000000078d12e2f8) thrown at [C:\jenkins\workspace\8-2-build-windows-amd64-cygwin\jdk8u281\880\hotspot\src\share\vm\classfile\systemDictionary.cp
Event: 2.632 Thread 0x0000000000129000 Exception <a 'java/lang/ClassNotFoundException': org/springframework/beans/factory/AwareCustomizer> (0x000000078d143bd0) thrown at [C:\jenkins\workspace\8-2-build-windows-amd64-cygwin\jdk8u281\880\hotspot\src\share\vm\classfile\systemDictionary.cpp, line 
Event: 2.633 Thread 0x0000000000129000 Exception <a 'java/lang/ClassNotFoundException': org/springframework/context/ApplicationStartupAwareCustomizer> (0x000000078d15b8b8) thrown at [C:\jenkins\workspace\8-2-build-windows-amd64-cygwin\jdk8u281\880\hotspot\src\share\vm\classfile\systemDictionar
Event: 2.633 Thread 0x0000000000129000 Exception <a 'java/lang/ClassNotFoundException': org/springframework/beans/factory/AwareCustomizer> (0x000000078d171590) thrown at [C:\jenkins\workspace\8-2-build-windows-amd64-cygwin\jdk8u281\880\hotspot\src\share\vm\classfile\systemDictionary.cpp, line 
Event: 2.634 Thread 0x0000000000129000 Exception <a 'java/lang/ClassNotFoundException': org/springframework/beans/factory/BeanClassLoaderAwareCustomizer> (0x000000078d189d60) thrown at [C:\jenkins\workspace\8-2-build-windows-amd64-cygwin\jdk8u281\880\hotspot\src\share\vm\classfile\systemDictio
Event: 2.634 Thread 0x0000000000129000 Exception <a 'java/lang/ClassNotFoundException': org/springframework/beans/factory/AwareCustomizer> (0x000000078d19f5c8) thrown at [C:\jenkins\workspace\8-2-build-windows-amd64-cygwin\jdk8u281\880\hotspot\src\share\vm\classfile\systemDictionary.cpp, line 
Event: 2.635 Thread 0x0000000000129000 Exception <a 'java/lang/ClassNotFoundException': org/springframework/context/EnvironmentAwareCustomizer> (0x000000078d1b51d0) thrown at [C:\jenkins\workspace\8-2-build-windows-amd64-cygwin\jdk8u281\880\hotspot\src\share\vm\classfile\systemDictionary.cpp, 
Event: 2.635 Thread 0x0000000000129000 Exception <a 'java/lang/ClassNotFoundException': org/springframework/beans/factory/AwareCustomizer> (0x000000078d1ca918) thrown at [C:\jenkins\workspace\8-2-build-windows-amd64-cygwin\jdk8u281\880\hotspot\src\share\vm\classfile\systemDictionary.cpp, line 
Event: 2.840 Thread 0x0000000000129000 Exception <a 'java/lang/NoSuchMethodError': java.lang.Object.lambda$or$2(Ljava/util/function/Predicate;Ljava/lang/Object;)Z> (0x000000078d938f20) thrown at [C:\jenkins\workspace\8-2-build-windows-amd64-cygwin\jdk8u281\880\hotspot\src\share\vm\interpreter\
Event: 3.070 Thread 0x000000001b196800 Exception <a 'java/lang/reflect/InvocationTargetException'> (0x000000078b4aead0) thrown at [C:\jenkins\workspace\8-2-build-windows-amd64-cygwin\jdk8u281\880\hotspot\src\share\vm\runtime\reflection.cpp, line 1092]

Events (10 events):
Event: 3.089 loading class io/rsocket/RSocket done
Event: 3.089 loading class io/rsocket/core/RSocketServer
Event: 3.089 loading class io/rsocket/core/RSocketServer done
Event: 3.089 loading class io/netty/buffer/PooledByteBufAllocator
Event: 3.089 loading class io/netty/buffer/PooledByteBufAllocator done
Event: 3.090 loading class org/springframework/security/authentication/DefaultAuthenticationEventPublisher
Event: 3.090 loading class org/springframework/security/authentication/DefaultAuthenticationEventPublisher done
Event: 3.090 loading class org/springframework/security/authentication/AuthenticationManager
Event: 3.090 loading class org/springframework/security/authentication/AuthenticationManager done
Event: 3.091 Executing VM operation: ParallelGCFailedAllocation


Dynamic libraries:
0x000000013fc90000 - 0x000000013fcd7000 	C:\Program Files\Java\jdk1.8.0_281\bin\java.exe
0x0000000077b00000 - 0x0000000077ca9000 	C:\Windows\SYSTEM32\ntdll.dll
0x00000000779e0000 - 0x0000000077aff000 	C:\Windows\system32\kernel32.dll
0x000007fefdb00000 - 0x000007fefdb6c000 	C:\Windows\system32\KERNELBASE.dll
0x000007feff3e0000 - 0x000007feff4bb000 	C:\Windows\system32\ADVAPI32.dll
0x000007feff660000 - 0x000007feff6ff000 	C:\Windows\system32\msvcrt.dll
0x000007feff640000 - 0x000007feff65f000 	C:\Windows\SYSTEM32\sechost.dll
0x000007fefde20000 - 0x000007fefdf4d000 	C:\Windows\system32\RPCRT4.dll
0x00000000778e0000 - 0x00000000779da000 	C:\Windows\system32\USER32.dll
0x000007feff1f0000 - 0x000007feff257000 	C:\Windows\system32\GDI32.dll
0x000007feffb90000 - 0x000007feffb9e000 	C:\Windows\system32\LPK.dll
0x000007feffba0000 - 0x000007feffc69000 	C:\Windows\system32\USP10.dll
0x000007fefc110000 - 0x000007fefc304000 	C:\Windows\WinSxS\amd64_microsoft.windows.common-controls_6595b64144ccf1df_6.0.7601.17514_none_fa396087175ac9ac\COMCTL32.dll
0x000007fefed40000 - 0x000007fefedb1000 	C:\Windows\system32\SHLWAPI.dll
0x000007feff020000 - 0x000007feff04e000 	C:\Windows\system32\IMM32.DLL
0x000007feffd00000 - 0x000007feffe09000 	C:\Windows\system32\MSCTF.dll
0x000007fef95e0000 - 0x000007fef95e3000 	C:\Windows\system32\api-ms-win-core-synch-l1-2-0.DLL
0x000007fee2d80000 - 0x000007fee2d95000 	C:\Program Files\Java\jdk1.8.0_281\jre\bin\vcruntime140.dll
0x000007fef9720000 - 0x000007fef9724000 	C:\Windows\system32\api-ms-win-crt-runtime-l1-1-0.dll
0x000007fef9620000 - 0x000007fef9712000 	C:\Windows\system32\ucrtbase.DLL
0x000007fef9610000 - 0x000007fef9613000 	C:\Windows\system32\api-ms-win-core-timezone-l1-1-0.dll
0x000007fef9600000 - 0x000007fef9603000 	C:\Windows\system32\api-ms-win-core-file-l2-1-0.dll
0x000007fef95f0000 - 0x000007fef95f3000 	C:\Windows\system32\api-ms-win-core-localization-l1-2-0.dll
0x000007fef95d0000 - 0x000007fef95d3000 	C:\Windows\system32\api-ms-win-core-processthreads-l1-1-1.dll
0x000007fef95b0000 - 0x000007fef95b3000 	C:\Windows\system32\api-ms-win-core-file-l1-2-0.dll
0x000007fef95a0000 - 0x000007fef95a3000 	C:\Windows\system32\api-ms-win-crt-heap-l1-1-0.dll
0x000007fef95c0000 - 0x000007fef95c4000 	C:\Windows\system32\api-ms-win-crt-string-l1-1-0.dll
0x000007fef9590000 - 0x000007fef9594000 	C:\Windows\system32\api-ms-win-crt-stdio-l1-1-0.dll
0x000007fef9580000 - 0x000007fef9584000 	C:\Windows\system32\api-ms-win-crt-convert-l1-1-0.dll
0x000007fee12d0000 - 0x000007fee136b000 	C:\Program Files\Java\jdk1.8.0_281\jre\bin\msvcp140.dll
0x000007fef9520000 - 0x000007fef9523000 	C:\Windows\system32\api-ms-win-crt-locale-l1-1-0.dll
0x000007fef9530000 - 0x000007fef9535000 	C:\Windows\system32\api-ms-win-crt-math-l1-1-0.dll
0x000007fef9560000 - 0x000007fef9563000 	C:\Windows\system32\api-ms-win-crt-filesystem-l1-1-0.dll
0x000007fef9550000 - 0x000007fef9553000 	C:\Windows\system32\api-ms-win-crt-time-l1-1-0.dll
0x000007fef9540000 - 0x000007fef9543000 	C:\Windows\system32\api-ms-win-crt-environment-l1-1-0.dll
0x000007fef9510000 - 0x000007fef9513000 	C:\Windows\system32\api-ms-win-crt-utility-l1-1-0.dll
0x000000006a530000 - 0x000000006ad8f000 	C:\Program Files\Java\jdk1.8.0_281\jre\bin\server\jvm.dll
0x000007fefb270000 - 0x000007fefb279000 	C:\Windows\system32\WSOCK32.dll
0x000007feff390000 - 0x000007feff3dd000 	C:\Windows\system32\WS2_32.dll
0x000007feffcf0000 - 0x000007feffcf8000 	C:\Windows\system32\NSI.dll
0x000007fef57a0000 - 0x000007fef57db000 	C:\Windows\system32\WINMM.dll
0x000007fefcbb0000 - 0x000007fefcbbc000 	C:\Windows\system32\VERSION.dll
0x0000000077cd0000 - 0x0000000077cd7000 	C:\Windows\system32\PSAPI.DLL
0x000007fee4210000 - 0x000007fee4220000 	C:\Program Files\Java\jdk1.8.0_281\jre\bin\verify.dll
0x000007fee3270000 - 0x000007fee329b000 	C:\Program Files\Java\jdk1.8.0_281\jre\bin\java.dll
0x000007fee3010000 - 0x000007fee3040000 	C:\Program Files\Java\jdk1.8.0_281\jre\bin\instrument.dll
0x000007fee2d60000 - 0x000007fee2d78000 	C:\Program Files\Java\jdk1.8.0_281\jre\bin\zip.dll
0x000007fefdfb0000 - 0x000007fefed38000 	C:\Windows\system32\SHELL32.dll
0x000007feff700000 - 0x000007feff903000 	C:\Windows\system32\ole32.dll
0x000007fefda50000 - 0x000007fefda5f000 	C:\Windows\system32\profapi.dll
0x000007fef5ac0000 - 0x000007fef5ada000 	D:\Setup\IntelliJ IDEA 2020.1.1\bin\breakgen64.dll
0x000007fee2d40000 - 0x000007fee2d5c000 	C:\Program Files\Java\jdk1.8.0_281\jre\bin\net.dll
0x000007fefd2c0000 - 0x000007fefd315000 	C:\Windows\system32\mswsock.dll
0x000007fefd2b0000 - 0x000007fefd2b7000 	C:\Windows\System32\wship6.dll
0x000007fefcc80000 - 0x000007fefcc87000 	C:\Windows\System32\wshtcpip.dll
0x000007fefd140000 - 0x000007fefd19b000 	C:\Windows\system32\DNSAPI.dll
0x000007fefbf80000 - 0x000007fefbfa7000 	C:\Windows\system32\IPHLPAPI.DLL
0x000007fefbf70000 - 0x000007fefbf7b000 	C:\Windows\system32\WINNSI.DLL
0x000007fef70b0000 - 0x000007fef70b8000 	C:\Windows\system32\rasadhlp.dll
0x000007fefbe00000 - 0x000007fefbe53000 	C:\Windows\System32\fwpuclnt.dll
0x000007fef1a50000 - 0x000007fef1a5d000 	C:\Program Files\Java\jdk1.8.0_281\jre\bin\management.dll
0x000007fee2d20000 - 0x000007fee2d33000 	C:\Program Files\Java\jdk1.8.0_281\jre\bin\nio.dll
0x000007fefd320000 - 0x000007fefd337000 	C:\Windows\system32\CRYPTSP.dll
0x000007fefd020000 - 0x000007fefd067000 	C:\Windows\system32\rsaenh.dll
0x000007fefcd90000 - 0x000007fefcdae000 	C:\Windows\system32\USERENV.dll
0x000007fefd980000 - 0x000007fefd98f000 	C:\Windows\system32\CRYPTBASE.dll
0x000007fefbd80000 - 0x000007fefbd98000 	C:\Windows\system32\dhcpcsvc.DLL
0x000007fefbd60000 - 0x000007fefbd71000 	C:\Windows\system32\dhcpcsvc6.DLL
0x000007fefc5b0000 - 0x000007fefc5c5000 	C:\Windows\system32\NLAapi.dll
0x000007fef7240000 - 0x000007fef7255000 	C:\Windows\system32\napinsp.dll
0x000007fef7220000 - 0x000007fef7239000 	C:\Windows\system32\pnrpnsp.dll
0x000007fef7210000 - 0x000007fef721b000 	C:\Windows\System32\winrnr.dll
0x000007fef7200000 - 0x000007fef7210000 	C:\Windows\system32\wshbth.dll
0x000007fef8180000 - 0x000007fef82a5000 	C:\Windows\system32\dbghelp.dll

VM Arguments:
jvm_args: -XX:TieredStopAtLevel=1 -Xverify:none -Dspring.output.ansi.enabled=always -Dcom.sun.management.jmxremote -Dspring.jmx.enabled=true -Dspring.liveBeansView.mbeanDomain -Dspring.application.admin.enabled=true -javaagent:D:\Setup\IntelliJ IDEA 2020.1.1\lib\idea_rt.jar=50314:D:\Setup\IntelliJ IDEA 2020.1.1\bin -Dfile.encoding=UTF-8 
java_command: case_study_module4.CaseStudyModule4Application
java_class_path (initial): C:\Program Files\Java\jdk1.8.0_281\jre\lib\charsets.jar;C:\Program Files\Java\jdk1.8.0_281\jre\lib\deploy.jar;C:\Program Files\Java\jdk1.8.0_281\jre\lib\ext\access-bridge-64.jar;C:\Program Files\Java\jdk1.8.0_281\jre\lib\ext\cldrdata.jar;C:\Program Files\Java\jdk1.8.0_281\jre\lib\ext\dnsns.jar;C:\Program Files\Java\jdk1.8.0_281\jre\lib\ext\jaccess.jar;C:\Program Files\Java\jdk1.8.0_281\jre\lib\ext\jfxrt.jar;C:\Program Files\Java\jdk1.8.0_281\jre\lib\ext\localedata.jar;C:\Program Files\Java\jdk1.8.0_281\jre\lib\ext\nashorn.jar;C:\Program Files\Java\jdk1.8.0_281\jre\lib\ext\sunec.jar;C:\Program Files\Java\jdk1.8.0_281\jre\lib\ext\sunjce_provider.jar;C:\Program Files\Java\jdk1.8.0_281\jre\lib\ext\sunmscapi.jar;C:\Program Files\Java\jdk1.8.0_281\jre\lib\ext\sunpkcs11.jar;C:\Program Files\Java\jdk1.8.0_281\jre\lib\ext\zipfs.jar;C:\Program Files\Java\jdk1.8.0_281\jre\lib\javaws.jar;C:\Program Files\Java\jdk1.8.0_281\jre\lib\jce.jar;C:\Program Files\Java\jdk1.8.0_281\jre\lib\jfr.jar;C:\Program Files\Java\jdk1.8.0_281\jre\lib\jfxswt.jar;C:\Program Files\Java\jdk1.8.0_281\jre\lib\jsse.jar;C:\Program Files\Java\jdk1.8.0_281\jre\lib\management-agent.jar;C:\Program Files\Java\jdk1.8.0_281\jre\lib\plugin.jar;C:\Program Files\Java\jdk1.8.0_281\jre\lib\resources.jar;C:\Program Files\Java\jdk1.8.0_281\jre\lib\rt.jar;C:\Users\Administrator\Desktop\module_4\case_study\build\classes\java\main;C:\Users\Administrator\Desktop\module_4\case_study\build\resources\main;C:\Users\Administrator\.gradle\caches\modules-2\files-2.1\org.springframework.boot\spring-boot-starter-data-jpa\2.5.6\8d7fe99c33e09390316749614d9795d80b49207b\spring-boot-starter-data-jpa-2.5.6.jar;C:\Users\Administrator\.gradle\caches\modules-2\files-2.1\org.springframework.boot\spring-boot-starter-thymeleaf\2.5.6\fdee98af8d6b6dd5e47e2726e55d82d88ddc69a8\spring-boot-starter-thymeleaf-2.5.6.jar;C:\Users\Administrator\.gradle\caches\modules-2\files-2.1\org.springframework.boot\spring-boot-starter-w
Launcher Type: SUN_STANDARD

Environment Variables:
PATH=C:\Program Files (x86)\Common Files\Oracle\Java\javapath;C:\Windows\system32;C:\Windows;C:\Windows\System32\Wbem;C:\Windows\System32\WindowsPowerShell\v1.0\;C:\Program Files\Git\cmd;C:\Program Files (x86)\Common Files\GTK\2.0\bin;;C:\Users\Administrator\AppData\Local\Programs\Microsoft VS Code\bin;D:\Setup\IntelliJ IDEA 2020.1.1\bin;
USERNAME=Administrator
OS=Windows_NT
PROCESSOR_IDENTIFIER=Intel64 Family 6 Model 69 Stepping 1, GenuineIntel



---------------  S Y S T E M  ---------------

OS: Windows 7 , 64 bit Build 7601 (6.1.7601.17617)

CPU:total 4 (initial active 4) (2 cores per cpu, 2 threads per core) family 6 model 69 stepping 1, cmov, cx8, fxsr, mmx, sse, sse2, sse3, ssse3, sse4.1, sse4.2, popcnt, avx, avx2, aes, clmul, erms, lzcnt, ht, tsc, tscinvbit, bmi1, bmi2

Memory: 4k page, physical 10366400k(600032k free), swap 20730956k(6148640k free)

vm_info: Java HotSpot(TM) 64-Bit Server VM (25.281-b09) for windows-amd64 JRE (1.8.0_281-b09), built on Dec  9 2020 13:54:07 by "" with MS VC++ 15.9 (VS2017)

time: Fri Nov 12 08:47:36 2021
timezone: SE Asia Standard Time
elapsed time: 3.168495 seconds (0d 0h 0m 3s)

